<mule xmlns="http://www.mulesoft.org/schema/mule/core"
      xmlns:xsi="http://www.w3.org/2001/XMLSchema-instance"
      xmlns:firebase="http://www.mulesoft.org/schema/mule/firebase"
      xsi:schemaLocation="http://www.mulesoft.org/schema/mule/core http://www.mulesoft.org/schema/mule/core/current/mule.xsd
          http://www.mulesoft.org/schema/mule/firebase http://www.mulesoft.org/schema/mule/firebase/current/mule-firebase.xsd">

    <firebase:config name="config" configId="configId">
        <firebase:connection requiredParameter="aValue" />
    </firebase:config>

    <flow name="sayHiFlow">
        <firebase:say-hi person="Mariano Gonzalez"/>
    </flow>

    <flow name="retrieveInfoFlow">
        <firebase:retrieve-info config-ref="config"/>
    </flow>

</mule>
